0 info it worked if it ends with ok
1 verbose cli [ '/usr/local/node/bin/node',
1 verbose cli   '/usr/local/node/bin/npm',
1 verbose cli   'install',
1 verbose cli   'gulp-jshint',
1 verbose cli   'jshint-stylish',
1 verbose cli   'gulp=jscs',
1 verbose cli   '--save' ]
2 info using npm@1.4.28
3 info using node@v0.10.32
4 warn package.json mb-friendswipe2@1.0.0 No repository field.
5 warn package.json mb-friendswipe2@1.0.0 No README data
6 verbose readDependencies using package.json deps
7 verbose cache add [ 'gulp-jshint', null ]
8 verbose cache add name=undefined spec="gulp-jshint" args=["gulp-jshint",null]
9 verbose parsed url { protocol: null,
9 verbose parsed url   slashes: null,
9 verbose parsed url   auth: null,
9 verbose parsed url   host: null,
9 verbose parsed url   port: null,
9 verbose parsed url   hostname: null,
9 verbose parsed url   hash: null,
9 verbose parsed url   search: null,
9 verbose parsed url   query: null,
9 verbose parsed url   pathname: 'gulp-jshint',
9 verbose parsed url   path: 'gulp-jshint',
9 verbose parsed url   href: 'gulp-jshint' }
10 verbose cache add [ 'jshint-stylish', null ]
11 verbose cache add name=undefined spec="jshint-stylish" args=["jshint-stylish",null]
12 verbose parsed url { protocol: null,
12 verbose parsed url   slashes: null,
12 verbose parsed url   auth: null,
12 verbose parsed url   host: null,
12 verbose parsed url   port: null,
12 verbose parsed url   hostname: null,
12 verbose parsed url   hash: null,
12 verbose parsed url   search: null,
12 verbose parsed url   query: null,
12 verbose parsed url   pathname: 'jshint-stylish',
12 verbose parsed url   path: 'jshint-stylish',
12 verbose parsed url   href: 'jshint-stylish' }
13 verbose cache add [ 'gulp=jscs', null ]
14 verbose cache add name=undefined spec="gulp=jscs" args=["gulp=jscs",null]
15 verbose parsed url { protocol: null,
15 verbose parsed url   slashes: null,
15 verbose parsed url   auth: null,
15 verbose parsed url   host: null,
15 verbose parsed url   port: null,
15 verbose parsed url   hostname: null,
15 verbose parsed url   hash: null,
15 verbose parsed url   search: null,
15 verbose parsed url   query: null,
15 verbose parsed url   pathname: 'gulp=jscs',
15 verbose parsed url   path: 'gulp=jscs',
15 verbose parsed url   href: 'gulp=jscs' }
16 silly lockFile aeb19f3d-gulp-jshint gulp-jshint
17 verbose lock gulp-jshint /Users/mikeybadr/.npm/aeb19f3d-gulp-jshint.lock
18 silly lockFile 22813634-jshint-stylish jshint-stylish
19 verbose lock jshint-stylish /Users/mikeybadr/.npm/22813634-jshint-stylish.lock
20 silly lockFile 044d0cc1-gulp-jscs gulp=jscs
21 verbose lock gulp=jscs /Users/mikeybadr/.npm/044d0cc1-gulp-jscs.lock
22 silly lockFile 22813634-jshint-stylish jshint-stylish
23 silly lockFile 22813634-jshint-stylish jshint-stylish
24 silly lockFile 044d0cc1-gulp-jscs gulp=jscs
25 silly lockFile 044d0cc1-gulp-jscs gulp=jscs
26 silly lockFile aeb19f3d-gulp-jshint gulp-jshint
27 silly lockFile aeb19f3d-gulp-jshint gulp-jshint
28 verbose addNamed [ 'jshint-stylish', '' ]
29 verbose addNamed [ null, '*' ]
30 silly lockFile f26fdf17-jshint-stylish jshint-stylish@
31 verbose lock jshint-stylish@ /Users/mikeybadr/.npm/f26fdf17-jshint-stylish.lock
32 verbose addNamed [ 'gulp=jscs', '' ]
33 verbose addNamed [ null, '*' ]
34 silly lockFile ae1ff264-gulp-jscs gulp=jscs@
35 verbose lock gulp=jscs@ /Users/mikeybadr/.npm/ae1ff264-gulp-jscs.lock
36 verbose addNamed [ 'gulp-jshint', '' ]
37 verbose addNamed [ null, '*' ]
38 silly lockFile 8b36bbde-gulp-jshint gulp-jshint@
39 verbose lock gulp-jshint@ /Users/mikeybadr/.npm/8b36bbde-gulp-jshint.lock
40 silly addNameRange { name: 'jshint-stylish', range: '*', hasData: false }
41 silly addNameRange { name: 'gulp=jscs', range: '*', hasData: false }
42 verbose request where is /gulp=jscs
43 verbose request registry https://registry.npmjs.org/
44 verbose request id 381abe7d089b89db
45 verbose url raw /gulp=jscs
46 verbose url resolving [ 'https://registry.npmjs.org/', './gulp%3Djscs' ]
47 verbose url resolved https://registry.npmjs.org/gulp%3Djscs
48 verbose request where is https://registry.npmjs.org/gulp%3Djscs
49 info trying registry request attempt 1 at 10:21:12
50 http GET https://registry.npmjs.org/gulp%3Djscs
51 silly addNameRange { name: 'gulp-jshint', range: '*', hasData: false }
52 verbose request where is /jshint-stylish
53 verbose request registry https://registry.npmjs.org/
54 verbose url raw /jshint-stylish
55 verbose url resolving [ 'https://registry.npmjs.org/', './jshint-stylish' ]
56 verbose url resolved https://registry.npmjs.org/jshint-stylish
57 verbose request where is https://registry.npmjs.org/jshint-stylish
58 info trying registry request attempt 1 at 10:21:12
59 verbose etag "1QM80X0EFZC5AMHWO841V2YMU"
60 http GET https://registry.npmjs.org/jshint-stylish
61 verbose request where is /gulp-jshint
62 verbose request registry https://registry.npmjs.org/
63 verbose url raw /gulp-jshint
64 verbose url resolving [ 'https://registry.npmjs.org/', './gulp-jshint' ]
65 verbose url resolved https://registry.npmjs.org/gulp-jshint
66 verbose request where is https://registry.npmjs.org/gulp-jshint
67 info trying registry request attempt 1 at 10:21:12
68 verbose etag "KZHM48IQ4AWYRRXHZIL13NDX"
69 http GET https://registry.npmjs.org/gulp-jshint
70 http 304 https://registry.npmjs.org/jshint-stylish
71 silly registry.get cb [ 304,
71 silly registry.get   { date: 'Fri, 12 Dec 2014 16:21:16 GMT',
71 silly registry.get     server: 'Apache',
71 silly registry.get     via: '1.1 varnish',
71 silly registry.get     'last-modified': 'Fri, 12 Dec 2014 16:21:16 GMT',
71 silly registry.get     'cache-control': 'max-age=60',
71 silly registry.get     etag: '"1QM80X0EFZC5AMHWO841V2YMU"',
71 silly registry.get     age: '27',
71 silly registry.get     'x-served-by': 'cache-atl6226-ATL',
71 silly registry.get     'x-cache': 'HIT',
71 silly registry.get     'x-cache-hits': '1',
71 silly registry.get     'x-timer': 'S1418401276.361003,VS0,VE0',
71 silly registry.get     vary: 'Accept',
71 silly registry.get     'content-length': '0',
71 silly registry.get     'keep-alive': 'timeout=10, max=50',
71 silly registry.get     connection: 'Keep-Alive' } ]
72 verbose etag https://registry.npmjs.org/jshint-stylish from cache
73 silly addNameRange number 2 { name: 'jshint-stylish', range: '*', hasData: true }
74 silly addNameRange versions [ 'jshint-stylish',
74 silly addNameRange   [ '0.1.0',
74 silly addNameRange     '0.1.1',
74 silly addNameRange     '0.1.2',
74 silly addNameRange     '0.1.3',
74 silly addNameRange     '0.1.4',
74 silly addNameRange     '0.1.5',
74 silly addNameRange     '0.2.0',
74 silly addNameRange     '0.3.0',
74 silly addNameRange     '0.4.0',
74 silly addNameRange     '1.0.0' ] ]
75 verbose addNamed [ 'jshint-stylish', '1.0.0' ]
76 verbose addNamed [ '1.0.0', '1.0.0' ]
77 silly lockFile 52e6bf97-jshint-stylish-1-0-0 jshint-stylish@1.0.0
78 verbose lock jshint-stylish@1.0.0 /Users/mikeybadr/.npm/52e6bf97-jshint-stylish-1-0-0.lock
79 silly lockFile 52e6bf97-jshint-stylish-1-0-0 jshint-stylish@1.0.0
80 silly lockFile 52e6bf97-jshint-stylish-1-0-0 jshint-stylish@1.0.0
81 silly lockFile f26fdf17-jshint-stylish jshint-stylish@
82 silly lockFile f26fdf17-jshint-stylish jshint-stylish@
83 http 200 https://registry.npmjs.org/gulp-jshint
84 silly registry.get cb [ 200,
84 silly registry.get   { date: 'Fri, 12 Dec 2014 16:21:16 GMT',
84 silly registry.get     server: 'CouchDB/1.5.0 (Erlang OTP/R16B03)',
84 silly registry.get     etag: '"4S2Q5GDMXIT030VTEH99RA1XU"',
84 silly registry.get     'content-type': 'application/json',
84 silly registry.get     'cache-control': 'max-age=60',
84 silly registry.get     'content-length': '52413',
84 silly registry.get     'accept-ranges': 'bytes',
84 silly registry.get     via: '1.1 varnish',
84 silly registry.get     age: '23',
84 silly registry.get     'x-served-by': 'cache-atl6234-ATL',
84 silly registry.get     'x-cache': 'HIT',
84 silly registry.get     'x-cache-hits': '1',
84 silly registry.get     'x-timer': 'S1418401276.339811,VS0,VE1',
84 silly registry.get     vary: 'Accept',
84 silly registry.get     'keep-alive': 'timeout=10, max=50',
84 silly registry.get     connection: 'Keep-Alive' } ]
85 silly addNameRange number 2 { name: 'gulp-jshint', range: '*', hasData: true }
86 silly addNameRange versions [ 'gulp-jshint',
86 silly addNameRange   [ '0.0.1',
86 silly addNameRange     '0.1.0',
86 silly addNameRange     '1.0.0',
86 silly addNameRange     '1.1.0',
86 silly addNameRange     '1.2.0',
86 silly addNameRange     '1.3.0',
86 silly addNameRange     '1.3.1',
86 silly addNameRange     '1.3.2',
86 silly addNameRange     '1.3.3',
86 silly addNameRange     '1.3.4',
86 silly addNameRange     '1.4.0',
86 silly addNameRange     '1.4.1',
86 silly addNameRange     '1.4.2',
86 silly addNameRange     '1.5.0',
86 silly addNameRange     '1.5.1',
86 silly addNameRange     '1.5.2',
86 silly addNameRange     '1.5.3',
86 silly addNameRange     '1.5.4',
86 silly addNameRange     '1.5.5',
86 silly addNameRange     '1.5.6',
86 silly addNameRange     '1.6.0',
86 silly addNameRange     '1.6.1',
86 silly addNameRange     '1.6.2',
86 silly addNameRange     '1.6.3',
86 silly addNameRange     '1.6.4',
86 silly addNameRange     '1.7.0',
86 silly addNameRange     '1.7.1',
86 silly addNameRange     '1.8.0',
86 silly addNameRange     '1.8.1',
86 silly addNameRange     '1.8.2',
86 silly addNameRange     '1.8.3',
86 silly addNameRange     '1.8.4',
86 silly addNameRange     '1.8.5',
86 silly addNameRange     '1.8.6',
86 silly addNameRange     '1.9.0' ] ]
87 verbose addNamed [ 'gulp-jshint', '1.9.0' ]
88 verbose addNamed [ '1.9.0', '1.9.0' ]
89 silly lockFile 0a299df4-gulp-jshint-1-9-0 gulp-jshint@1.9.0
90 verbose lock gulp-jshint@1.9.0 /Users/mikeybadr/.npm/0a299df4-gulp-jshint-1-9-0.lock
91 silly lockFile 0a299df4-gulp-jshint-1-9-0 gulp-jshint@1.9.0
92 silly lockFile 0a299df4-gulp-jshint-1-9-0 gulp-jshint@1.9.0
93 silly lockFile 8b36bbde-gulp-jshint gulp-jshint@
94 silly lockFile 8b36bbde-gulp-jshint gulp-jshint@
95 http 404 https://registry.npmjs.org/gulp%3Djscs
96 verbose headers { date: 'Fri, 12 Dec 2014 16:21:16 GMT',
96 verbose headers   server: 'CouchDB/1.5.0 (Erlang OTP/R16B03)',
96 verbose headers   'content-type': 'application/json',
96 verbose headers   'cache-control': 'max-age=0',
96 verbose headers   'content-length': '52',
96 verbose headers   'accept-ranges': 'bytes',
96 verbose headers   via: '1.1 varnish',
96 verbose headers   age: '0',
96 verbose headers   'x-served-by': 'cache-atl6234-ATL',
96 verbose headers   'x-cache': 'MISS',
96 verbose headers   'x-cache-hits': '0',
96 verbose headers   'x-timer': 'S1418401276.356480,VS0,VE117',
96 verbose headers   'keep-alive': 'timeout=10, max=50',
96 verbose headers   connection: 'Keep-Alive' }
97 silly registry.get cb [ 404,
97 silly registry.get   { date: 'Fri, 12 Dec 2014 16:21:16 GMT',
97 silly registry.get     server: 'CouchDB/1.5.0 (Erlang OTP/R16B03)',
97 silly registry.get     'content-type': 'application/json',
97 silly registry.get     'cache-control': 'max-age=0',
97 silly registry.get     'content-length': '52',
97 silly registry.get     'accept-ranges': 'bytes',
97 silly registry.get     via: '1.1 varnish',
97 silly registry.get     age: '0',
97 silly registry.get     'x-served-by': 'cache-atl6234-ATL',
97 silly registry.get     'x-cache': 'MISS',
97 silly registry.get     'x-cache-hits': '0',
97 silly registry.get     'x-timer': 'S1418401276.356480,VS0,VE117',
97 silly registry.get     'keep-alive': 'timeout=10, max=50',
97 silly registry.get     connection: 'Keep-Alive' } ]
98 silly lockFile ae1ff264-gulp-jscs gulp=jscs@
99 silly lockFile ae1ff264-gulp-jscs gulp=jscs@
100 error 404 404 Not Found: gulp%3Djscs
100 error 404
100 error 404 'gulp%3Djscs' is not in the npm registry.
100 error 404 You should bug the author to publish it
100 error 404 It was specified as a dependency of 'mb-friendswipe2'
100 error 404
100 error 404 Note that you can also install from a
100 error 404 tarball, folder, or http url, or git url.
101 error System Darwin 14.0.0
102 error command "/usr/local/node/bin/node" "/usr/local/node/bin/npm" "install" "gulp-jshint" "jshint-stylish" "gulp=jscs" "--save"
103 error cwd /Users/mikeybadr/Documents/Code/mb-friendswipe2
104 error node -v v0.10.32
105 error npm -v 1.4.28
106 error code E404
107 verbose exit [ 1, true ]
